TN:
SF:src\factory-pattern\team-factory.ts
FN:16,(anonymous_1)
FN:44,(anonymous_2)
FN:51,(anonymous_3)
FN:58,(anonymous_4)
FN:69,(anonymous_5)
FNF:5
FNH:5
FNDA:6,(anonymous_1)
FNDA:6,(anonymous_2)
FNDA:6,(anonymous_3)
FNDA:6,(anonymous_4)
FNDA:22,(anonymous_5)
DA:1,1
DA:2,1
DA:3,1
DA:12,1
DA:15,1
DA:24,6
DA:26,6
DA:28,6
DA:35,6
DA:42,6
DA:45,6
DA:49,6
DA:52,6
DA:56,6
DA:59,6
DA:64,6
DA:66,6
DA:70,22
LF:18
LH:18
BRDA:29,0,0,2
BRDA:29,0,1,4
BRDA:29,1,0,6
BRDA:29,1,1,2
BRDA:36,2,0,2
BRDA:36,2,1,4
BRDA:36,3,0,6
BRDA:36,3,1,2
BRDA:43,4,0,2
BRDA:43,4,1,4
BRDA:43,5,0,6
BRDA:43,5,1,2
BRDA:50,6,0,2
BRDA:50,6,1,4
BRDA:50,7,0,6
BRDA:50,7,1,2
BRDA:57,8,0,2
BRDA:57,8,1,4
BRDA:57,9,0,6
BRDA:57,9,1,2
BRF:20
BRH:20
end_of_record
TN:
SF:src\factory-pattern\user-factory.ts
FN:18,(anonymous_1)
FN:91,(anonymous_2)
FN:95,(anonymous_3)
FN:99,(anonymous_4)
FNF:4
FNH:4
FNDA:457,(anonymous_1)
FNDA:911,(anonymous_2)
FNDA:455,(anonymous_3)
FNDA:454,(anonymous_4)
DA:1,9
DA:2,9
DA:11,9
DA:13,9
DA:14,9
DA:15,9
DA:17,9
DA:26,457
DA:27,1
DA:30,456
DA:31,1
DA:34,455
DA:35,1
DA:38,454
DA:39,1
DA:42,453
DA:44,58
DA:53,165
DA:62,114
DA:71,62
DA:80,54
DA:92,911
DA:96,455
DA:100,454
LF:24
LH:24
BRDA:26,0,0,1
BRDA:26,1,0,457
BRDA:26,1,1,456
BRDA:30,2,0,1
BRDA:30,3,0,456
BRDA:30,3,1,455
BRDA:34,4,0,1
BRDA:34,5,0,455
BRDA:34,5,1,455
BRDA:38,6,0,1
BRDA:38,7,0,454
BRDA:38,7,1,454
BRDA:42,8,0,58
BRDA:42,8,1,165
BRDA:42,8,2,114
BRDA:42,8,3,62
BRDA:42,8,4,54
BRF:17
BRH:17
end_of_record
TN:
SF:src\models\activity.model.ts
FN:7,(anonymous_0)
FN:9,(anonymous_1)
FN:18,(anonymous_2)
FN:22,(anonymous_3)
FNF:4
FNH:3
FNDA:48,(anonymous_0)
FNDA:1,(anonymous_1)
FNDA:1,(anonymous_2)
FNDA:0,(anonymous_3)
DA:1,2
DA:4,2
DA:7,48
DA:10,1
DA:14,1
DA:19,1
DA:23,0
LF:7
LH:6
BRDA:10,0,0,1
BRDA:11,1,0,1
BRDA:11,1,1,1
BRF:3
BRH:3
end_of_record
TN:
SF:src\models\backlogItem.model.ts
FN:21,(anonymous_0)
FN:30,(anonymous_1)
FN:34,(anonymous_2)
FN:38,(anonymous_3)
FN:42,(anonymous_4)
FN:51,(anonymous_5)
FN:55,(anonymous_6)
FN:59,(anonymous_7)
FN:67,(anonymous_8)
FN:71,(anonymous_9)
FN:75,(anonymous_10)
FN:82,(anonymous_11)
FN:86,(anonymous_12)
FN:93,(anonymous_13)
FN:99,(anonymous_14)
FN:103,(anonymous_15)
FN:107,(anonymous_16)
FN:111,(anonymous_17)
FN:126,(anonymous_18)
FN:130,(anonymous_19)
FN:139,(anonymous_20)
FN:143,(anonymous_21)
FN:147,(anonymous_22)
FN:152,(anonymous_23)
FN:156,(anonymous_24)
FN:163,(anonymous_25)
FNF:26
FNH:24
FNDA:103,(anonymous_0)
FNDA:0,(anonymous_1)
FNDA:1,(anonymous_2)
FNDA:1,(anonymous_3)
FNDA:1,(anonymous_4)
FNDA:1,(anonymous_5)
FNDA:0,(anonymous_6)
FNDA:3,(anonymous_7)
FNDA:1,(anonymous_8)
FNDA:1,(anonymous_9)
FNDA:1,(anonymous_10)
FNDA:2,(anonymous_11)
FNDA:3,(anonymous_12)
FNDA:2,(anonymous_13)
FNDA:1,(anonymous_14)
FNDA:13,(anonymous_15)
FNDA:42,(anonymous_16)
FNDA:6,(anonymous_17)
FNDA:6,(anonymous_18)
FNDA:6,(anonymous_19)
FNDA:6,(anonymous_20)
FNDA:6,(anonymous_21)
FNDA:6,(anonymous_22)
FNDA:4,(anonymous_23)
FNDA:2,(anonymous_24)
FNDA:5,(anonymous_25)
DA:4,2
DA:5,2
DA:6,2
DA:10,2
DA:11,2
DA:13,2
DA:14,103
DA:18,103
DA:22,103
DA:23,103
DA:24,103
DA:25,103
DA:27,103
DA:31,0
DA:35,1
DA:39,1
DA:43,1
DA:47,1
DA:52,1
DA:56,0
DA:60,3
DA:61,2
DA:63,1
DA:68,1
DA:72,1
DA:76,1
DA:77,1
DA:78,1
DA:83,2
DA:87,3
DA:88,1
DA:90,2
DA:94,2
DA:95,1
DA:100,1
DA:104,13
DA:108,42
DA:112,6
DA:116,2
DA:117,2
DA:121,2
DA:123,6
DA:127,6
DA:131,6
DA:132,2
DA:133,1
DA:134,1
DA:135,1
DA:140,6
DA:144,6
DA:149,6
DA:153,4
DA:157,2
DA:158,2
DA:159,1
DA:164,5
DA:165,2
LF:57
LH:55
BRDA:43,0,0,1
BRDA:44,1,0,1
BRDA:44,1,1,0
BRDA:60,2,0,2
BRDA:60,2,1,1
BRDA:77,3,0,1
BRDA:87,4,0,1
BRDA:94,5,0,1
BRDA:112,6,0,2
BRDA:113,7,0,6
BRDA:113,7,1,5
BRDA:132,8,0,1
BRDA:158,9,0,1
BRF:13
BRH:12
end_of_record
TN:
SF:src\models\enumerations.ts
FN:1,(anonymous_0)
FN:8,(anonymous_1)
FN:16,(anonymous_2)
FN:23,(anonymous_3)
FNF:4
FNH:4
FNDA:9,(anonymous_0)
FNDA:9,(anonymous_1)
FNDA:9,(anonymous_2)
FNDA:9,(anonymous_3)
DA:1,9
DA:2,9
DA:3,9
DA:4,9
DA:5,9
DA:8,9
DA:9,9
DA:10,9
DA:11,9
DA:12,9
DA:13,9
DA:16,9
DA:17,9
DA:18,9
DA:19,9
DA:20,9
DA:23,9
DA:24,9
DA:25,9
DA:26,9
DA:27,9
LF:21
LH:21
BRDA:1,0,0,9
BRDA:1,0,1,9
BRDA:8,1,0,9
BRDA:8,1,1,9
BRDA:16,2,0,9
BRDA:16,2,1,9
BRDA:23,3,0,9
BRDA:23,3,1,9
BRF:8
BRH:8
end_of_record
TN:
SF:src\models\notification.model.ts
FN:5,(anonymous_0)
FN:7,(anonymous_1)
FN:11,(anonymous_2)
FN:20,(anonymous_3)
FN:25,(anonymous_4)
FN:28,(anonymous_5)
FN:31,(anonymous_6)
FNF:7
FNH:3
FNDA:57,(anonymous_0)
FNDA:0,(anonymous_1)
FNDA:0,(anonymous_2)
FNDA:325,(anonymous_3)
FNDA:0,(anonymous_4)
FNDA:0,(anonymous_5)
FNDA:1,(anonymous_6)
DA:4,9
DA:5,57
DA:8,0
DA:12,0
DA:16,9
DA:21,325
DA:22,325
DA:26,0
DA:29,0
DA:32,1
LF:10
LH:6
BRDA:32,0,0,1
BRDA:32,0,1,1
BRF:2
BRH:2
end_of_record
TN:
SF:src\models\pipeline.model.ts
FN:15,(anonymous_0)
FN:17,(anonymous_1)
FN:21,(anonymous_2)
FN:25,(anonymous_3)
FN:29,(anonymous_4)
FN:36,(anonymous_5)
FN:40,(anonymous_6)
FN:43,(anonymous_7)
FN:63,(anonymous_8)
FN:67,(anonymous_9)
FN:71,(anonymous_10)
FN:75,(anonymous_11)
FN:79,(anonymous_12)
FN:83,(anonymous_13)
FN:87,(anonymous_14)
FN:91,(anonymous_15)
FN:95,(anonymous_16)
FN:99,(anonymous_17)
FN:103,(anonymous_18)
FN:110,(anonymous_19)
FNF:20
FNH:19
FNDA:114,(anonymous_0)
FNDA:0,(anonymous_1)
FNDA:9,(anonymous_2)
FNDA:3,(anonymous_3)
FNDA:2,(anonymous_4)
FNDA:3,(anonymous_5)
FNDA:9,(anonymous_6)
FNDA:3,(anonymous_7)
FNDA:12,(anonymous_8)
FNDA:61,(anonymous_9)
FNDA:7,(anonymous_10)
FNDA:7,(anonymous_11)
FNDA:7,(anonymous_12)
FNDA:7,(anonymous_13)
FNDA:7,(anonymous_14)
FNDA:7,(anonymous_15)
FNDA:7,(anonymous_16)
FNDA:11,(anonymous_17)
FNDA:2,(anonymous_18)
FNDA:3,(anonymous_19)
DA:4,2
DA:6,2
DA:9,2
DA:10,114
DA:11,114
DA:12,114
DA:15,114
DA:18,0
DA:22,9
DA:26,3
DA:30,2
DA:31,2
DA:32,1
DA:37,3
DA:41,9
DA:42,9
DA:43,2
DA:44,3
DA:46,1
DA:47,1
DA:51,1
DA:54,1
DA:55,1
DA:59,1
DA:64,12
DA:68,61
DA:72,7
DA:76,7
DA:80,7
DA:84,7
DA:88,7
DA:92,7
DA:96,7
DA:100,11
DA:104,2
DA:105,2
DA:106,1
DA:111,3
DA:112,5
LF:39
LH:38
BRDA:31,0,0,1
BRDA:42,1,0,2
BRDA:105,2,0,1
BRF:3
BRH:3
end_of_record
TN:
SF:src\models\repository.ts
FN:16,(anonymous_0)
FN:19,(anonymous_1)
FN:25,(anonymous_2)
FN:30,(anonymous_3)
FN:34,(anonymous_4)
FN:35,(anonymous_5)
FN:42,(anonymous_6)
FN:46,(anonymous_7)
FN:67,(anonymous_8)
FN:89,(anonymous_9)
FN:93,(anonymous_10)
FN:97,(anonymous_11)
FNF:12
FNH:9
FNDA:7,(anonymous_0)
FNDA:4,(anonymous_1)
FNDA:2,(anonymous_2)
FNDA:2,(anonymous_3)
FNDA:16,(anonymous_4)
FNDA:23,(anonymous_5)
FNDA:3,(anonymous_6)
FNDA:7,(anonymous_7)
FNDA:3,(anonymous_8)
FNDA:0,(anonymous_9)
FNDA:0,(anonymous_10)
FNDA:0,(anonymous_11)
DA:16,1
DA:17,7
DA:20,4
DA:21,4
DA:22,4
DA:26,2
DA:27,1
DA:29,1
DA:30,2
DA:35,23
DA:36,16
DA:37,1
DA:39,15
DA:43,3
DA:51,7
DA:52,7
DA:53,7
DA:64,7
DA:68,3
DA:69,3
DA:70,3
DA:71,3
DA:72,3
DA:73,1
DA:77,2
DA:86,2
DA:90,0
DA:94,0
DA:98,0
LF:29
LH:26
BRDA:26,0,0,1
BRDA:36,1,0,1
BRDA:52,2,0,2
BRDA:52,2,1,5
BRDA:54,3,0,2
BRDA:54,3,1,5
BRDA:72,4,0,1
BRF:7
BRH:7
end_of_record
TN:
SF:src\models\sprint.model.ts
FN:19,(anonymous_0)
FN:40,(anonymous_1)
FN:44,(anonymous_2)
FN:48,(anonymous_3)
FN:52,(anonymous_4)
FN:56,(anonymous_5)
FN:60,(anonymous_6)
FN:64,(anonymous_7)
FN:80,(anonymous_8)
FN:90,(anonymous_9)
FN:94,(anonymous_10)
FN:98,(anonymous_11)
FN:116,(anonymous_12)
FN:121,(anonymous_13)
FN:126,(anonymous_14)
FN:131,(anonymous_15)
FN:136,(anonymous_16)
FN:141,(anonymous_17)
FN:162,(anonymous_18)
FNF:19
FNH:18
FNDA:55,(anonymous_0)
FNDA:0,(anonymous_1)
FNDA:2,(anonymous_2)
FNDA:2,(anonymous_3)
FNDA:2,(anonymous_4)
FNDA:2,(anonymous_5)
FNDA:6,(anonymous_6)
FNDA:3,(anonymous_7)
FNDA:2,(anonymous_8)
FNDA:36,(anonymous_9)
FNDA:5,(anonymous_10)
FNDA:2,(anonymous_11)
FNDA:6,(anonymous_12)
FNDA:13,(anonymous_13)
FNDA:7,(anonymous_14)
FNDA:7,(anonymous_15)
FNDA:7,(anonymous_16)
FNDA:7,(anonymous_17)
FNDA:47,(anonymous_18)
DA:2,1
DA:3,1
DA:4,1
DA:5,1
DA:7,1
DA:9,1
DA:27,55
DA:28,1
DA:30,54
DA:31,54
DA:32,54
DA:33,54
DA:34,54
DA:35,54
DA:36,54
DA:37,54
DA:41,0
DA:45,2
DA:49,2
DA:53,2
DA:57,2
DA:61,6
DA:68,3
DA:69,1
DA:71,2
DA:77,2
DA:81,2
DA:82,1
DA:84,1
DA:85,1
DA:86,1
DA:91,36
DA:95,5
DA:105,2
DA:106,1
DA:108,1
DA:109,1
DA:110,1
DA:111,1
DA:112,1
DA:113,1
DA:117,6
DA:118,6
DA:122,13
DA:123,12
DA:127,7
DA:128,6
DA:132,7
DA:133,6
DA:137,7
DA:138,6
DA:142,7
DA:143,6
DA:144,6
DA:163,47
DA:164,5
LF:56
LH:55
BRDA:27,0,0,1
BRDA:68,1,0,1
BRDA:81,2,0,1
BRDA:85,3,0,1
BRDA:105,4,0,1
BRDA:108,5,0,1
BRDA:109,6,0,1
BRDA:110,7,0,1
BRDA:111,8,0,1
BRDA:111,9,0,1
BRDA:111,9,1,1
BRDA:113,10,0,1
BRDA:163,11,0,5
BRF:13
BRH:13
end_of_record
TN:
SF:src\models\team.model.ts
FN:17,(anonymous_0)
FNF:1
FNH:1
FNDA:6,(anonymous_0)
DA:9,1
DA:18,6
LF:2
LH:2
BRF:0
BRH:0
end_of_record
TN:
SF:src\models\thread.model.ts
FN:11,(anonymous_0)
FN:13,(anonymous_1)
FN:20,(anonymous_2)
FN:27,(anonymous_3)
FN:31,(anonymous_4)
FN:35,(anonymous_5)
FN:42,(anonymous_6)
FNF:7
FNH:7
FNDA:48,(anonymous_0)
FNDA:1,(anonymous_1)
FNDA:1,(anonymous_2)
FNDA:2,(anonymous_3)
FNDA:1,(anonymous_4)
FNDA:1,(anonymous_5)
FNDA:1,(anonymous_6)
DA:4,2
DA:7,2
DA:8,48
DA:9,48
DA:11,48
DA:14,1
DA:15,1
DA:16,1
DA:17,1
DA:21,1
DA:22,1
DA:23,1
DA:28,2
DA:32,1
DA:36,1
DA:37,1
DA:38,1
DA:43,1
DA:44,1
LF:19
LH:19
BRDA:22,0,0,1
BRDA:37,1,0,1
BRF:2
BRH:2
end_of_record
TN:
SF:src\models\threadMessage.ts
FN:4,(anonymous_0)
FNF:1
FNH:1
FNDA:1,(anonymous_0)
DA:3,1
DA:4,1
LF:2
LH:2
BRF:0
BRH:0
end_of_record
TN:
SF:src\models\user.model.ts
FN:152,(anonymous_0)
FN:12,(anonymous_1)
FN:28,(anonymous_2)
FN:32,(anonymous_3)
FN:36,(anonymous_4)
FN:40,(anonymous_5)
FN:44,(anonymous_6)
FN:48,(anonymous_7)
FN:52,(anonymous_8)
FN:56,(anonymous_9)
FN:60,(anonymous_10)
FN:64,(anonymous_11)
FN:68,(anonymous_12)
FN:76,(anonymous_13)
FN:79,(anonymous_14)
FN:89,(anonymous_15)
FN:102,(anonymous_16)
FN:115,(anonymous_17)
FN:128,(anonymous_18)
FN:141,(anonymous_19)
FNF:20
FNH:20
FNDA:310,(anonymous_0)
FNDA:453,(anonymous_1)
FNDA:4,(anonymous_2)
FNDA:1,(anonymous_3)
FNDA:3,(anonymous_4)
FNDA:1,(anonymous_5)
FNDA:3,(anonymous_6)
FNDA:1,(anonymous_7)
FNDA:3,(anonymous_8)
FNDA:111,(anonymous_9)
FNDA:1,(anonymous_10)
FNDA:7,(anonymous_11)
FNDA:5,(anonymous_12)
FNDA:1,(anonymous_13)
FNDA:1,(anonymous_14)
FNDA:58,(anonymous_15)
FNDA:165,(anonymous_16)
FNDA:114,(anonymous_17)
FNDA:62,(anonymous_18)
FNDA:54,(anonymous_19)
DA:1,9
DA:2,9
DA:4,9
DA:20,453
DA:21,453
DA:22,453
DA:23,453
DA:24,453
DA:25,453
DA:29,4
DA:33,1
DA:37,3
DA:41,1
DA:45,3
DA:49,1
DA:53,3
DA:57,111
DA:61,1
DA:65,7
DA:72,5
DA:73,5
DA:79,1
DA:80,1
DA:82,1
DA:83,1
DA:88,9
DA:97,58
DA:101,9
DA:110,165
DA:114,9
DA:123,114
DA:127,9
DA:136,62
DA:140,9
DA:149,54
DA:152,319
LF:36
LH:36
BRDA:82,0,0,1
BRDA:95,1,0,0
BRDA:108,2,0,0
BRDA:121,3,0,0
BRDA:134,4,0,0
BRDA:147,5,0,0
BRF:6
BRH:1
end_of_record
TN:
SF:src\state-pattern\interface\IPipelineState.ts
FN:4,(anonymous_0)
FN:9,(anonymous_1)
FN:13,(anonymous_2)
FN:17,(anonymous_3)
FNF:4
FNH:1
FNDA:175,(anonymous_0)
FNDA:0,(anonymous_1)
FNDA:0,(anonymous_2)
FNDA:0,(anonymous_3)
DA:3,2
DA:4,175
DA:5,175
DA:6,175
DA:10,0
DA:14,0
DA:18,0
LF:7
LH:4
BRF:0
BRH:0
end_of_record
TN:
SF:src\state-pattern\states\backlog-states\doing.state.ts
FN:7,(anonymous_0)
FN:9,(anonymous_1)
FN:14,(anonymous_2)
FN:18,(anonymous_3)
FN:25,(anonymous_4)
FN:29,(anonymous_5)
FN:33,(anonymous_6)
FN:37,(anonymous_7)
FNF:8
FNH:8
FNDA:8,(anonymous_0)
FNDA:1,(anonymous_1)
FNDA:1,(anonymous_2)
FNDA:1,(anonymous_3)
FNDA:1,(anonymous_4)
FNDA:1,(anonymous_5)
FNDA:1,(anonymous_6)
FNDA:4,(anonymous_7)
DA:3,2
DA:4,2
DA:6,2
DA:7,8
DA:10,1
DA:11,1
DA:15,1
DA:19,1
DA:20,1
DA:26,1
DA:30,1
DA:34,1
DA:38,4
DA:39,4
LF:14
LH:14
BRF:0
BRH:0
end_of_record
TN:
SF:src\state-pattern\states\backlog-states\done.state.ts
FN:5,(anonymous_0)
FN:7,(anonymous_1)
FN:11,(anonymous_2)
FN:15,(anonymous_3)
FN:19,(anonymous_4)
FN:23,(anonymous_5)
FN:27,(anonymous_6)
FN:31,(anonymous_7)
FNF:8
FNH:8
FNDA:7,(anonymous_0)
FNDA:1,(anonymous_1)
FNDA:1,(anonymous_2)
FNDA:1,(anonymous_3)
FNDA:1,(anonymous_4)
FNDA:1,(anonymous_5)
FNDA:1,(anonymous_6)
FNDA:6,(anonymous_7)
DA:4,2
DA:5,7
DA:8,1
DA:12,1
DA:16,1
DA:20,1
DA:24,1
DA:28,1
DA:32,6
DA:33,6
LF:10
LH:10
BRF:0
BRH:0
end_of_record
TN:
SF:src\state-pattern\states\backlog-states\readyForTesting.state.ts
FN:8,(anonymous_0)
FN:10,(anonymous_1)
FN:15,(anonymous_2)
FN:20,(anonymous_3)
FN:24,(anonymous_4)
FN:29,(anonymous_5)
FN:33,(anonymous_6)
FN:37,(anonymous_7)
FNF:8
FNH:8
FNDA:9,(anonymous_0)
FNDA:1,(anonymous_1)
FNDA:1,(anonymous_2)
FNDA:1,(anonymous_3)
FNDA:1,(anonymous_4)
FNDA:1,(anonymous_5)
FNDA:1,(anonymous_6)
FNDA:3,(anonymous_7)
DA:3,2
DA:4,2
DA:5,2
DA:7,2
DA:8,9
DA:11,1
DA:12,1
DA:16,1
DA:17,1
DA:21,1
DA:25,1
DA:26,1
DA:30,1
DA:34,1
DA:38,3
DA:41,3
LF:16
LH:16
BRF:0
BRH:0
end_of_record
TN:
SF:src\state-pattern\states\backlog-states\tested.state.ts
FN:8,(anonymous_0)
FN:10,(anonymous_1)
FN:14,(anonymous_2)
FN:18,(anonymous_3)
FN:24,(anonymous_4)
FN:28,(anonymous_5)
FN:32,(anonymous_6)
FN:36,(anonymous_7)
FNF:8
FNH:8
FNDA:7,(anonymous_0)
FNDA:1,(anonymous_1)
FNDA:1,(anonymous_2)
FNDA:1,(anonymous_3)
FNDA:1,(anonymous_4)
FNDA:1,(anonymous_5)
FNDA:1,(anonymous_6)
FNDA:3,(anonymous_7)
DA:3,2
DA:4,2
DA:5,2
DA:7,2
DA:8,7
DA:11,1
DA:15,1
DA:19,1
DA:25,1
DA:29,1
DA:33,1
DA:37,3
DA:38,3
LF:13
LH:13
BRF:0
BRH:0
end_of_record
TN:
SF:src\state-pattern\states\backlog-states\testing.state.ts
FN:6,(anonymous_0)
FN:8,(anonymous_1)
FN:12,(anonymous_2)
FN:16,(anonymous_3)
FN:20,(anonymous_4)
FN:24,(anonymous_5)
FN:28,(anonymous_6)
FN:32,(anonymous_7)
FNF:8
FNH:8
FNDA:7,(anonymous_0)
FNDA:1,(anonymous_1)
FNDA:1,(anonymous_2)
FNDA:1,(anonymous_3)
FNDA:1,(anonymous_4)
FNDA:1,(anonymous_5)
FNDA:1,(anonymous_6)
FNDA:5,(anonymous_7)
DA:3,2
DA:5,2
DA:6,7
DA:9,1
DA:13,1
DA:17,1
DA:21,1
DA:25,1
DA:29,1
DA:33,5
DA:34,5
LF:11
LH:11
BRF:0
BRH:0
end_of_record
TN:
SF:src\state-pattern\states\backlog-states\toDo.state.ts
FN:6,(anonymous_0)
FN:8,(anonymous_1)
FN:12,(anonymous_2)
FN:17,(anonymous_3)
FN:21,(anonymous_4)
FN:25,(anonymous_5)
FN:29,(anonymous_6)
FN:33,(anonymous_7)
FNF:8
FNH:8
FNDA:106,(anonymous_0)
FNDA:1,(anonymous_1)
FNDA:1,(anonymous_2)
FNDA:1,(anonymous_3)
FNDA:1,(anonymous_4)
FNDA:1,(anonymous_5)
FNDA:1,(anonymous_6)
FNDA:5,(anonymous_7)
DA:3,2
DA:5,2
DA:6,106
DA:9,1
DA:13,1
DA:14,1
DA:18,1
DA:22,1
DA:26,1
DA:30,1
DA:34,5
DA:35,5
LF:12
LH:12
BRF:0
BRH:0
end_of_record
TN:
SF:src\state-pattern\states\pipeline-states\analyze.state.ts
FN:7,(anonymous_0)
FN:11,(anonymous_1)
FN:14,(anonymous_2)
FN:17,(anonymous_3)
FN:20,(anonymous_4)
FN:23,(anonymous_5)
FN:27,(anonymous_6)
FN:32,(anonymous_7)
FN:37,(anonymous_8)
FNF:9
FNH:9
FNDA:8,(anonymous_0)
FNDA:1,(anonymous_1)
FNDA:1,(anonymous_2)
FNDA:1,(anonymous_3)
FNDA:1,(anonymous_4)
FNDA:1,(anonymous_5)
FNDA:1,(anonymous_6)
FNDA:1,(anonymous_7)
FNDA:5,(anonymous_8)
DA:2,2
DA:3,2
DA:4,2
DA:6,2
DA:7,8
DA:8,8
DA:12,1
DA:15,1
DA:18,1
DA:21,1
DA:24,1
DA:28,1
DA:29,1
DA:33,1
DA:34,1
DA:38,5
DA:39,5
DA:40,5
LF:18
LH:18
BRF:0
BRH:0
end_of_record
TN:
SF:src\state-pattern\states\pipeline-states\build.state.ts
FN:7,(anonymous_0)
FN:11,(anonymous_1)
FN:14,(anonymous_2)
FN:17,(anonymous_3)
FN:20,(anonymous_4)
FN:23,(anonymous_5)
FN:27,(anonymous_6)
FN:32,(anonymous_7)
FN:37,(anonymous_8)
FNF:9
FNH:9
FNDA:8,(anonymous_0)
FNDA:1,(anonymous_1)
FNDA:1,(anonymous_2)
FNDA:1,(anonymous_3)
FNDA:1,(anonymous_4)
FNDA:1,(anonymous_5)
FNDA:1,(anonymous_6)
FNDA:1,(anonymous_7)
FNDA:5,(anonymous_8)
DA:2,2
DA:3,2
DA:4,2
DA:6,2
DA:7,8
DA:8,8
DA:12,1
DA:15,1
DA:18,1
DA:21,1
DA:24,1
DA:28,1
DA:29,1
DA:33,1
DA:34,1
DA:38,5
DA:39,5
DA:40,5
LF:18
LH:18
BRF:0
BRH:0
end_of_record
TN:
SF:src\state-pattern\states\pipeline-states\cancelled.state.ts
FN:6,(anonymous_0)
FN:10,(anonymous_1)
FN:16,(anonymous_2)
FN:19,(anonymous_3)
FN:22,(anonymous_4)
FN:25,(anonymous_5)
FN:28,(anonymous_6)
FN:31,(anonymous_7)
FN:35,(anonymous_8)
FNF:9
FNH:9
FNDA:13,(anonymous_0)
FNDA:1,(anonymous_1)
FNDA:1,(anonymous_2)
FNDA:1,(anonymous_3)
FNDA:1,(anonymous_4)
FNDA:1,(anonymous_5)
FNDA:1,(anonymous_6)
FNDA:1,(anonymous_7)
FNDA:6,(anonymous_8)
DA:2,2
DA:3,2
DA:5,2
DA:6,13
DA:7,13
DA:12,1
DA:13,1
DA:17,1
DA:20,1
DA:23,1
DA:26,1
DA:29,1
DA:32,1
DA:36,6
DA:37,6
DA:38,6
LF:16
LH:16
BRF:0
BRH:0
end_of_record
TN:
SF:src\state-pattern\states\pipeline-states\deploy.state.ts
FN:6,(anonymous_0)
FN:10,(anonymous_1)
FN:13,(anonymous_2)
FN:16,(anonymous_3)
FN:19,(anonymous_4)
FN:22,(anonymous_5)
FN:25,(anonymous_6)
FN:29,(anonymous_7)
FN:34,(anonymous_8)
FNF:9
FNH:9
FNDA:8,(anonymous_0)
FNDA:1,(anonymous_1)
FNDA:1,(anonymous_2)
FNDA:1,(anonymous_3)
FNDA:1,(anonymous_4)
FNDA:1,(anonymous_5)
FNDA:1,(anonymous_6)
FNDA:1,(anonymous_7)
FNDA:6,(anonymous_8)
DA:2,2
DA:3,2
DA:5,2
DA:6,8
DA:7,8
DA:11,1
DA:14,1
DA:17,1
DA:20,1
DA:23,1
DA:26,1
DA:30,1
DA:31,1
DA:35,6
DA:36,6
DA:37,6
LF:16
LH:16
BRF:0
BRH:0
end_of_record
TN:
SF:src\state-pattern\states\pipeline-states\package.state.ts
FN:7,(anonymous_0)
FN:11,(anonymous_1)
FN:14,(anonymous_2)
FN:17,(anonymous_3)
FN:20,(anonymous_4)
FN:23,(anonymous_5)
FN:27,(anonymous_6)
FN:32,(anonymous_7)
FN:37,(anonymous_8)
FNF:9
FNH:9
FNDA:8,(anonymous_0)
FNDA:1,(anonymous_1)
FNDA:1,(anonymous_2)
FNDA:1,(anonymous_3)
FNDA:1,(anonymous_4)
FNDA:1,(anonymous_5)
FNDA:1,(anonymous_6)
FNDA:1,(anonymous_7)
FNDA:5,(anonymous_8)
DA:2,2
DA:3,2
DA:4,2
DA:6,2
DA:7,8
DA:8,8
DA:12,1
DA:15,1
DA:18,1
DA:21,1
DA:24,1
DA:28,1
DA:29,1
DA:33,1
DA:34,1
DA:38,5
DA:39,5
DA:40,5
LF:18
LH:18
BRF:0
BRH:0
end_of_record
TN:
SF:src\state-pattern\states\pipeline-states\source.state.ts
FN:7,(anonymous_0)
FN:11,(anonymous_1)
FN:14,(anonymous_2)
FN:17,(anonymous_3)
FN:20,(anonymous_4)
FN:23,(anonymous_5)
FN:27,(anonymous_6)
FN:34,(anonymous_7)
FN:39,(anonymous_8)
FNF:9
FNH:9
FNDA:122,(anonymous_0)
FNDA:1,(anonymous_1)
FNDA:1,(anonymous_2)
FNDA:1,(anonymous_3)
FNDA:1,(anonymous_4)
FNDA:1,(anonymous_5)
FNDA:1,(anonymous_6)
FNDA:1,(anonymous_7)
FNDA:5,(anonymous_8)
DA:2,2
DA:3,2
DA:4,2
DA:6,2
DA:7,122
DA:8,122
DA:12,1
DA:15,1
DA:18,1
DA:21,1
DA:24,1
DA:28,1
DA:31,1
DA:35,1
DA:36,1
DA:40,5
DA:41,5
DA:42,5
LF:18
LH:18
BRF:0
BRH:0
end_of_record
TN:
SF:src\state-pattern\states\pipeline-states\test.state.ts
FN:7,(anonymous_0)
FN:11,(anonymous_1)
FN:14,(anonymous_2)
FN:17,(anonymous_3)
FN:20,(anonymous_4)
FN:23,(anonymous_5)
FN:27,(anonymous_6)
FN:34,(anonymous_7)
FN:39,(anonymous_8)
FNF:9
FNH:9
FNDA:8,(anonymous_0)
FNDA:1,(anonymous_1)
FNDA:1,(anonymous_2)
FNDA:1,(anonymous_3)
FNDA:1,(anonymous_4)
FNDA:1,(anonymous_5)
FNDA:1,(anonymous_6)
FNDA:1,(anonymous_7)
FNDA:5,(anonymous_8)
DA:2,2
DA:3,2
DA:4,2
DA:6,2
DA:7,8
DA:8,8
DA:12,1
DA:15,1
DA:18,1
DA:21,1
DA:24,1
DA:28,1
DA:31,1
DA:35,1
DA:36,1
DA:40,5
DA:41,5
DA:42,5
LF:18
LH:18
BRF:0
BRH:0
end_of_record
TN:
SF:src\state-pattern\states\sprint-states\active.state.ts
FN:6,(anonymous_0)
FN:8,(anonymous_1)
FN:11,(anonymous_2)
FN:14,(anonymous_3)
FN:17,(anonymous_4)
FN:20,(anonymous_5)
FN:24,(anonymous_6)
FN:29,(anonymous_7)
FNF:8
FNH:8
FNDA:8,(anonymous_0)
FNDA:1,(anonymous_1)
FNDA:1,(anonymous_2)
FNDA:1,(anonymous_3)
FNDA:1,(anonymous_4)
FNDA:1,(anonymous_5)
FNDA:1,(anonymous_6)
FNDA:5,(anonymous_7)
DA:3,1
DA:5,1
DA:6,8
DA:9,1
DA:12,1
DA:15,1
DA:18,1
DA:21,1
DA:25,1
DA:26,1
DA:30,5
DA:31,5
DA:32,5
LF:13
LH:13
BRF:0
BRH:0
end_of_record
TN:
SF:src\state-pattern\states\sprint-states\closed.state.ts
FN:5,(anonymous_0)
FN:6,(anonymous_1)
FN:9,(anonymous_2)
FN:12,(anonymous_3)
FN:15,(anonymous_4)
FN:18,(anonymous_5)
FN:21,(anonymous_6)
FN:25,(anonymous_7)
FNF:8
FNH:8
FNDA:7,(anonymous_0)
FNDA:1,(anonymous_1)
FNDA:1,(anonymous_2)
FNDA:1,(anonymous_3)
FNDA:1,(anonymous_4)
FNDA:1,(anonymous_5)
FNDA:1,(anonymous_6)
FNDA:6,(anonymous_7)
DA:4,1
DA:5,7
DA:7,1
DA:10,1
DA:13,1
DA:16,1
DA:19,1
DA:22,1
DA:26,6
DA:27,6
DA:28,6
LF:11
LH:11
BRF:0
BRH:0
end_of_record
TN:
SF:src\state-pattern\states\sprint-states\created.state.ts
FN:6,(anonymous_0)
FN:8,(anonymous_1)
FN:11,(anonymous_2)
FN:14,(anonymous_3)
FN:17,(anonymous_4)
FN:20,(anonymous_5)
FN:24,(anonymous_6)
FN:29,(anonymous_7)
FNF:8
FNH:8
FNDA:54,(anonymous_0)
FNDA:1,(anonymous_1)
FNDA:1,(anonymous_2)
FNDA:1,(anonymous_3)
FNDA:1,(anonymous_4)
FNDA:1,(anonymous_5)
FNDA:7,(anonymous_6)
FNDA:5,(anonymous_7)
DA:3,1
DA:5,1
DA:6,54
DA:9,1
DA:12,1
DA:15,1
DA:18,1
DA:21,1
DA:25,7
DA:26,7
DA:30,5
DA:31,5
DA:32,5
LF:13
LH:13
BRF:0
BRH:0
end_of_record
TN:
SF:src\state-pattern\states\sprint-states\finished.state.ts
FN:6,(anonymous_0)
FN:8,(anonymous_1)
FN:11,(anonymous_2)
FN:14,(anonymous_3)
FN:17,(anonymous_4)
FN:20,(anonymous_5)
FN:24,(anonymous_6)
FN:29,(anonymous_7)
FNF:8
FNH:8
FNDA:7,(anonymous_0)
FNDA:1,(anonymous_1)
FNDA:1,(anonymous_2)
FNDA:1,(anonymous_3)
FNDA:1,(anonymous_4)
FNDA:1,(anonymous_5)
FNDA:1,(anonymous_6)
FNDA:5,(anonymous_7)
DA:3,1
DA:5,1
DA:6,7
DA:9,1
DA:12,1
DA:15,1
DA:18,1
DA:21,1
DA:25,1
DA:26,1
DA:30,5
DA:31,5
DA:32,5
LF:13
LH:13
BRF:0
BRH:0
end_of_record
TN:
SF:src\state-pattern\states\sprint-states\released.state.ts
FN:6,(anonymous_0)
FN:8,(anonymous_1)
FN:11,(anonymous_2)
FN:14,(anonymous_3)
FN:17,(anonymous_4)
FN:20,(anonymous_5)
FN:24,(anonymous_6)
FN:29,(anonymous_7)
FNF:8
FNH:8
FNDA:7,(anonymous_0)
FNDA:1,(anonymous_1)
FNDA:1,(anonymous_2)
FNDA:1,(anonymous_3)
FNDA:1,(anonymous_4)
FNDA:1,(anonymous_5)
FNDA:1,(anonymous_6)
FNDA:5,(anonymous_7)
DA:3,1
DA:5,1
DA:6,7
DA:9,1
DA:12,1
DA:15,1
DA:18,1
DA:21,1
DA:25,1
DA:26,1
DA:30,5
DA:31,5
DA:32,5
LF:13
LH:13
BRF:0
BRH:0
end_of_record
TN:
SF:src\state-pattern\states\sprint-states\reviewed.state.ts
FN:6,(anonymous_0)
FN:8,(anonymous_1)
FN:11,(anonymous_2)
FN:14,(anonymous_3)
FN:17,(anonymous_4)
FN:20,(anonymous_5)
FN:24,(anonymous_6)
FN:29,(anonymous_7)
FNF:8
FNH:8
FNDA:7,(anonymous_0)
FNDA:1,(anonymous_1)
FNDA:1,(anonymous_2)
FNDA:1,(anonymous_3)
FNDA:1,(anonymous_4)
FNDA:1,(anonymous_5)
FNDA:1,(anonymous_6)
FNDA:5,(anonymous_7)
DA:3,1
DA:5,1
DA:6,7
DA:9,1
DA:12,1
DA:15,1
DA:18,1
DA:21,1
DA:25,1
DA:26,1
DA:30,5
DA:31,5
DA:32,5
LF:13
LH:13
BRF:0
BRH:0
end_of_record
TN:
SF:src\template-pattern\SprintResult.ts
FN:4,(anonymous_0)
FNF:1
FNH:1
FNDA:1,(anonymous_0)
DA:3,1
DA:5,1
DA:6,1
DA:7,1
DA:8,1
DA:9,1
DA:10,1
DA:11,1
DA:12,1
DA:13,1
DA:14,1
DA:15,1
DA:16,1
LF:13
LH:13
BRF:0
BRH:0
end_of_record
TN:
SF:src\template-pattern\abstract-report.ts
FN:17,(anonymous_0)
FN:55,(anonymous_1)
FN:62,(anonymous_2)
FN:66,(anonymous_3)
FN:70,(anonymous_4)
FN:118,(anonymous_5)
FN:125,(anonymous_6)
FN:129,(anonymous_7)
FN:133,(anonymous_8)
FN:181,(anonymous_9)
FN:188,(anonymous_10)
FN:192,(anonymous_11)
FN:196,(anonymous_12)
FNF:13
FNH:13
FNDA:6,(anonymous_0)
FNDA:1,(anonymous_1)
FNDA:1,(anonymous_2)
FNDA:1,(anonymous_3)
FNDA:1,(anonymous_4)
FNDA:1,(anonymous_5)
FNDA:1,(anonymous_6)
FNDA:1,(anonymous_7)
FNDA:1,(anonymous_8)
FNDA:1,(anonymous_9)
FNDA:1,(anonymous_10)
FNDA:1,(anonymous_11)
FNDA:1,(anonymous_12)
DA:4,1
DA:18,6
DA:19,4
DA:20,4
DA:22,3
DA:30,3
DA:37,3
DA:39,3
DA:49,1
DA:56,1
DA:57,1
DA:58,1
DA:59,1
DA:63,1
DA:67,1
DA:71,1
DA:72,1
DA:74,1
DA:75,1
DA:76,1
DA:77,1
DA:78,1
DA:79,1
DA:80,1
DA:81,1
DA:82,1
DA:84,1
DA:86,1
DA:88,2
DA:91,1
DA:92,1
DA:94,1
DA:97,1
DA:98,1
DA:99,2
DA:102,1
DA:103,1
DA:105,2
DA:108,1
DA:112,1
DA:119,1
DA:120,1
DA:121,1
DA:122,1
DA:126,1
DA:130,1
DA:134,1
DA:135,1
DA:137,1
DA:138,1
DA:139,1
DA:140,1
DA:141,1
DA:142,1
DA:143,1
DA:144,1
DA:145,1
DA:147,1
DA:149,1
DA:151,2
DA:154,1
DA:155,1
DA:157,1
DA:160,1
DA:161,1
DA:162,2
DA:165,1
DA:166,1
DA:168,2
DA:171,1
DA:175,1
DA:182,1
DA:183,1
DA:184,1
DA:185,1
DA:189,1
DA:193,1
DA:197,1
DA:198,1
DA:200,1
DA:201,1
DA:202,1
DA:203,1
DA:204,1
DA:205,1
DA:206,1
DA:207,1
DA:208,1
DA:210,1
DA:212,1
DA:214,2
DA:217,1
DA:218,1
DA:220,1
DA:223,1
DA:224,1
DA:225,2
DA:228,1
DA:229,1
DA:231,2
DA:234,1
LF:101
LH:101
BRF:0
BRH:0
end_of_record
